2025-05-09 22:51:54,706 INFO Script started
2025-05-09 22:52:26,847 INFO Script started
2025-05-09 23:02:12,314 WARNING Error closing client session: Attempted to exit a cancel scope that isn't the current tasks's current cancel scope
2025-05-09 23:02:12,317 WARNING Encountered 1 errors during resource cleanup
2025-05-09 23:02:12,318 WARNING Error closing client session: Attempted to exit a cancel scope that isn't the current tasks's current cancel scope
2025-05-09 23:02:12,320 WARNING Encountered 1 errors during resource cleanup
2025-05-09 23:02:12,320 WARNING Error closing client session: Attempted to exit a cancel scope that isn't the current tasks's current cancel scope
2025-05-09 23:02:12,322 WARNING Encountered 1 errors during resource cleanup
2025-05-09 23:02:12,325 WARNING Error closing stdio context: unhandled errors in a TaskGroup (1 sub-exception)
2025-05-09 23:02:19,046 INFO Script started
2025-05-09 23:04:50,989 WARNING Error closing client session: Attempted to exit a cancel scope that isn't the current tasks's current cancel scope
2025-05-09 23:04:50,991 WARNING Encountered 1 errors during resource cleanup
2025-05-09 23:04:50,992 WARNING Error closing client session: Attempted to exit a cancel scope that isn't the current tasks's current cancel scope
2025-05-09 23:04:51,002 WARNING Encountered 1 errors during resource cleanup
2025-05-09 23:04:51,003 WARNING Error closing client session: Attempted to exit a cancel scope that isn't the current tasks's current cancel scope
2025-05-09 23:04:51,004 WARNING Encountered 1 errors during resource cleanup
2025-05-09 23:04:51,006 WARNING Error closing stdio context: unhandled errors in a TaskGroup (1 sub-exception)
2025-05-09 23:06:03,691 INFO Script started
2025-05-09 23:10:49,357 WARNING Error closing client session: Attempted to exit a cancel scope that isn't the current tasks's current cancel scope
2025-05-09 23:10:49,368 WARNING Encountered 1 errors during resource cleanup
2025-05-09 23:10:49,369 WARNING Error closing client session: Attempted to exit a cancel scope that isn't the current tasks's current cancel scope
2025-05-09 23:10:49,370 WARNING Encountered 1 errors during resource cleanup
2025-05-09 23:10:49,372 WARNING Error closing client session: Attempted to exit a cancel scope that isn't the current tasks's current cancel scope
2025-05-09 23:10:49,374 WARNING Encountered 1 errors during resource cleanup
2025-05-09 23:10:49,377 WARNING Error closing stdio context: unhandled errors in a TaskGroup (1 sub-exception)
2025-05-09 23:10:57,453 INFO Script started
2025-05-09 23:12:14,642 WARNING Error closing client session: Attempted to exit a cancel scope that isn't the current tasks's current cancel scope
2025-05-09 23:12:14,644 WARNING Encountered 1 errors during resource cleanup
2025-05-09 23:12:14,645 WARNING Error closing client session: Attempted to exit a cancel scope that isn't the current tasks's current cancel scope
2025-05-09 23:12:14,646 WARNING Encountered 1 errors during resource cleanup
2025-05-09 23:12:14,647 WARNING Error closing client session: Attempted to exit a cancel scope that isn't the current tasks's current cancel scope
2025-05-09 23:12:14,648 WARNING Encountered 1 errors during resource cleanup
2025-05-09 23:12:14,650 WARNING Error closing stdio context: unhandled errors in a TaskGroup (1 sub-exception)
2025-05-09 23:17:28,317 INFO Script started
2025-05-09 23:21:54,638 WARNING Error closing client session: Attempted to exit a cancel scope that isn't the current tasks's current cancel scope
2025-05-09 23:21:54,647 WARNING Encountered 1 errors during resource cleanup
2025-05-09 23:21:54,647 WARNING Error closing client session: Attempted to exit a cancel scope that isn't the current tasks's current cancel scope
2025-05-09 23:21:54,648 WARNING Encountered 1 errors during resource cleanup
2025-05-09 23:21:54,649 WARNING Error closing client session: Attempted to exit a cancel scope that isn't the current tasks's current cancel scope
2025-05-09 23:21:54,651 WARNING Encountered 1 errors during resource cleanup
2025-05-09 23:21:54,654 WARNING Error closing stdio context: unhandled errors in a TaskGroup (1 sub-exception)
2025-05-09 23:26:55,543 INFO Script started
2025-05-09 23:27:01,705 INFO User input: open google.com
2025-05-09 23:29:04,840 WARNING Error closing client session: Attempted to exit a cancel scope that isn't the current tasks's current cancel scope
2025-05-09 23:29:04,842 WARNING Encountered 1 errors during resource cleanup
2025-05-09 23:29:04,843 WARNING Error closing client session: Attempted to exit a cancel scope that isn't the current tasks's current cancel scope
2025-05-09 23:29:04,844 WARNING Encountered 1 errors during resource cleanup
2025-05-09 23:29:04,845 WARNING Error closing client session: Attempted to exit a cancel scope that isn't the current tasks's current cancel scope
2025-05-09 23:29:04,846 WARNING Encountered 1 errors during resource cleanup
2025-05-09 23:29:04,848 WARNING Error closing stdio context: unhandled errors in a TaskGroup (1 sub-exception)
2025-05-09 23:29:11,809 INFO Script started
2025-05-09 23:29:16,405 INFO User input: clear
2025-05-09 23:32:42,629 WARNING Error closing client session: Attempted to exit a cancel scope that isn't the current tasks's current cancel scope
2025-05-09 23:32:42,638 WARNING Encountered 1 errors during resource cleanup
2025-05-09 23:32:42,639 WARNING Error closing client session: Attempted to exit a cancel scope that isn't the current tasks's current cancel scope
2025-05-09 23:32:42,639 WARNING Encountered 1 errors during resource cleanup
2025-05-09 23:32:42,640 WARNING Error closing client session: Attempted to exit a cancel scope that isn't the current tasks's current cancel scope
2025-05-09 23:32:42,642 WARNING Encountered 1 errors during resource cleanup
2025-05-09 23:32:42,646 WARNING Error closing stdio context: unhandled errors in a TaskGroup (1 sub-exception)
2025-05-09 23:32:49,413 INFO Script started
2025-05-09 23:32:53,547 INFO User input: open google.com
2025-05-09 23:33:48,954 WARNING Error closing client session: Attempted to exit a cancel scope that isn't the current tasks's current cancel scope
2025-05-09 23:33:48,957 WARNING Encountered 1 errors during resource cleanup
2025-05-09 23:33:48,958 WARNING Error closing client session: Attempted to exit a cancel scope that isn't the current tasks's current cancel scope
2025-05-09 23:33:48,959 WARNING Encountered 1 errors during resource cleanup
2025-05-09 23:33:48,960 WARNING Error closing client session: Attempted to exit a cancel scope that isn't the current tasks's current cancel scope
2025-05-09 23:33:48,962 WARNING Encountered 1 errors during resource cleanup
2025-05-09 23:33:48,964 WARNING Error closing stdio context: unhandled errors in a TaskGroup (1 sub-exception)
2025-05-09 23:34:03,655 INFO Script started
2025-05-09 23:34:20,486 INFO User input: open google.com
